0.062331 137
0.000126 30
1.459468 1
0.082792 1
0.259753 1
0.821240 1
0.146214 1
0.142312 1
0.446682 8
0.539607 2
0.026312 11
0.000144 51
0.000035 262
0.000040 84
3.130185 1
1.299063 2
0.001825 11
0.000185 49
1.366464 1
0.255228 1
0.121832 1
0.228454 1
0.161153 1
0.121382 1
0.309993 1
0.238150 1
0.149633 2
2.638727 87
2.837829 1
0.595352 2
0.003574 35
0.000097 26
0.100723 26
0.100783 27
0.100846 27
0.100295 27
0.100239 1
0.000053 26
0.100789 27
0.100838 27
0.100961 27
0.100369 27
0.100378 27
0.100405 27
0.100638 27
0.100372 27
0.100865 27
0.100977 27
0.100431 27
0.100555 27
0.100377 1
0.000053 26
0.100446 27
0.100371 28
0.100678 47
2.006203 11
0.000213 313
0.000024 84
2.407775 1
0.128753 2
0.001369 11
0.000203 35
0.000998 11
0.000094 51
0.000009 165
0.000003 2
0.000308 81
0.000048 51
0.000005 29
0.000015 132
3.191190 2
0.000357 34
0.001429 11
0.000098 57
0.000006 2
0.000015 1
0.000048 25
0.102860 26
0.101167 27
0.102630 27
0.103325 27
0.101100 27
0.101211 27
0.101297 27
0.102195 27
0.103087 27
0.103267 27
0.101896 27
0.100538 27
0.101456 27
0.102591 27
0.103751 27
0.100571 1
0.000052 26
0.102920 27
0.102010 1
0.000024 26
0.103379 27
0.103579 28
0.103301 4
0.003307 11
0.000199 111
0.000019 202
0.000051 84
2.403806 1
0.136500 2
0.001872 11
0.000095 42
1.218683 1
0.221797 1
0.137186 1
0.164594 1
0.173673 1
0.116354 1
0.303965 1
0.226280 1
0.153983 2
0.000179 81
1.349491 1
0.101446 33
0.002484 26
0.102346 26
0.101741 27
0.100729 27
0.101782 27
0.103202 27
0.103122 27
0.101166 27
0.103156 27
0.100630 27
0.102834 27
0.102547 27
0.100658 27
0.102912 27
0.102749 27
0.101103 27
0.102957 27
0.100448 27
0.100484 27
0.101595 27
0.100608 28
0.102541 43
1.007987 11
0.000364 111
0.000019 75
0.000035 98
0.000033 29
0.000073 84
1.909009 1
0.143220 2
0.002159 11
0.000195 35
0.001743 11
0.000128 111
0.000023 107
0.000255 81
0.000067 161
3.206635 2
0.000368 34
0.001358 11
0.000097 59
0.000024 26
0.100779 26
0.102124 27
0.100287 27
0.103055 27
0.102944 27
0.101924 27
0.103049 27
0.103081 27
0.102957 27
0.103035 27
0.103501 27
0.104107 27
0.102714 27
0.103824 27
0.102693 27
0.102107 1
0.000030 26
0.101438 27
0.103733 27
0.100622 27
0.103769 28
0.102211 2
0.000020 2
0.002202 11
0.000233 51
0.000014 135
0.000010 98
0.000007 29
0.000097 84
2.514409 1
0.748104 2
0.001586 11
0.000142 35
0.001072 11
0.000035 218
0.000198 81
0.000030 161
2.272035 2
0.000101 34
0.001755 11
0.000147 85
0.100603 26
0.101377 27
0.103453 27
0.102293 27
0.100420 27
0.103881 27
0.101670 27
0.100955 27
0.103732 27
0.103965 27
0.102727 27
0.101680 27
0.103093 27
0.104009 27
0.103765 27
0.102511 27
0.103677 27
0.103739 27
0.103053 27
0.101526 28
0.102350 4
0.002928 11
0.000125 313
0.000031 84
3.554501 1
0.386822 2
0.001866 11
0.000131 49
1.349925 2
0.118379 3
0.030788 1
0.079114 1
0.113525 1
0.034637 2
0.088835 1
0.025315 2
0.020262 1
0.040815 1
0.000083 2
0.037044 1
0.527224 2
0.543880 54
0.101495 26
0.100558 27
0.101579 27
0.103993 27
0.100294 27
0.103714 27
0.103674 27
0.100760 27
0.101266 27
0.100609 27
0.100767 27
0.100628 27
0.100970 27
0.101937 27
0.101757 27
0.100914 27
0.101374 27
0.100373 1
0.000072 26
0.100199 27
0.101961 28
0.101629 6
0.000041 75
2.007212 11
0.000310 397
3.325426 1
0.131168 2
0.001723 11
0.000188 42
0.778050 2
0.096930 2
0.112777 1
0.032977 2
0.000023 2
0.055527 1
0.076977 1
0.018303 1
0.039176 2
0.018887 1
0.003061 2
0.417005 2
0.000227 29
0.000026 25
0.100664 26
0.100891 27
0.100981 27
0.101968 27
0.102012 27
0.102123 27
0.102017 27
0.101982 27
0.101047 27
0.100947 27
0.100999 27
0.101409 27
0.100636 27
0.100822 27
0.102104 27
0.100877 27
0.101041 27
0.102141 27
0.101761 27
0.102131 28
0.102041 82
2.007447 11
0.000267 162
0.000057 2
0.000069 149
0.000095 84
6.548744 1
0.137501 2
0.002006 11
0.000131 42
1.809150 1
0.197899 1
0.367138 1
0.240491 1
0.986241 1
0.119096 1
0.922694 1
0.280508 1
0.301554 1
0.262679 1
0.168497 2
0.000213 29
0.000031 25
0.102509 26
0.103729 27
0.102259 27
0.101687 27
0.103328 1
0.000039 26
0.102332 27
0.102743 27
0.103005 27
0.103359 27
0.100999 27
0.100580 27
0.102810 27
0.103343 27
0.102641 27
0.103163 27
0.102051 27
0.102782 27
0.102372 27
0.101476 27
0.100738 28
0.102528 75
2.007190 11
0.000225 313
0.000078 84
2.701726 1
0.062352 2
0.001632 11
0.000142 35
0.001320 11
0.000722 460
1.655588 2
0.000124 34
0.001796 11
0.000152 85
0.102163 26
0.102139 27
0.103765 27
0.103095 27
0.101117 27
0.102484 27
0.103537 27
0.100719 27
0.103554 27
0.100396 27
0.101613 27
0.100264 27
0.102174 27
0.102793 27
0.101829 27
0.102079 27
0.100354 27
0.102212 1
0.000042 26
0.100405 27
0.100263 1
0.000041 27
0.100814 4
0.002911 11
0.000262 397
3.993838 1
1.315702 2
0.001585 11
0.000118 79
5.005129 11
0.018394 149
0.000019 30
2.618158 6
